Using pre-set license
Built from '2020.3/staging' branch; Version is '2020.3.11f1 (99c7afb366b3) revision 10078127'; Using compiler version '192528614'; Build Type 'Release'
OS: 'Windows 10 Home; OS build 19041.985; Version 2004; 64bit' Language: 'pl' Physical Memory: 24534 MB
BatchMode: 1, IsHumanControllingUs: 0, StartBugReporterOnCrash: 0, Is64bit: 1, IsPro: 0

 COMMAND LINE ARGUMENTS:
D:\Unity\2020.3.11f1\Editor\Unity.exe
-adb2
-batchMode
-noUpm
-name
AssetImportWorker0
-projectPath
F:/Git/Space-Gamer/Space Gamer
-logFile
Logs/AssetImportWorker0.log
-srvPort
56216
Successfully changed project path to: F:/Git/Space-Gamer/Space Gamer
F:/Git/Space-Gamer/Space Gamer
Using Asset Import Pipeline V2.
Refreshing native plugins compatible for Editor in 27.94 ms, found 2 plugins.
Preloading 0 native plugins for Editor in 0.00 ms.
Initialize engine version: 2020.3.11f1 (99c7afb366b3)
[Subsystems] Discovering subsystems at path D:/Unity/2020.3.11f1/Editor/Data/Resources/UnitySubsystems
[Subsystems] Discovering subsystems at path F:/Git/Space-Gamer/Space Gamer/Assets
GfxDevice: creating device client; threaded=0
Direct3D:
    Version:  Direct3D 11.0 [level 11.1]
    Renderer: AMD Radeon RX 5600 XT (ID=0x731f)
    Vendor:   
    VRAM:     6103 MB
    Driver:   27.20.15003.5017
Initialize mono
Mono path[0] = 'D:/Unity/2020.3.11f1/Editor/Data/Managed'
Mono path[1] = 'D:/Unity/2020.3.11f1/Editor/Data/MonoBleedingEdge/lib/mono/unityjit'
Mono config path = 'D:/Unity/2020.3.11f1/Editor/Data/MonoBleedingEdge/etc'
Using monoOptions --debugger-agent=transport=dt_socket,embedding=1,server=y,suspend=n,address=127.0.0.1:56360
Begin MonoManager ReloadAssembly
Registering precompiled unity dll's ...
Register platform support module: D:/Unity/2020.3.11f1/Editor/Data/PlaybackEngines/WindowsStandaloneSupport/UnityEditor.WindowsStandalone.Extensions.dll
Registered in 0.001257 seconds.
Native extension for WindowsStandalone target not found
Refreshing native plugins compatible for Editor in 32.25 ms, found 2 plugins.
Preloading 0 native plugins for Editor in 0.00 ms.
Mono: successfully reloaded assembly
- Completed reload, in  0.871 seconds
Platform modules already initialized, skipping
Registering precompiled user dll's ...
Registered in 0.003196 seconds.
Begin MonoManager ReloadAssembly
Native extension for WindowsStandalone target not found
Refreshing native plugins compatible for Editor in 0.33 ms, found 2 plugins.
Preloading 0 native plugins for Editor in 0.00 ms.
Mono: successfully reloaded assembly
- Completed reload, in  1.099 seconds
Platform modules already initialized, skipping
========================================================================
Worker process is ready to serve import requests
Launched and connected shader compiler UnityShaderCompiler.exe after 0.05 seconds
Refreshing native plugins compatible for Editor in 0.32 ms, found 2 plugins.
Preloading 0 native plugins for Editor in 0.00 ms.
Unloading 1410 Unused Serialized files (Serialized files now loaded: 0)
System memory in use before: 66.9 MB.
System memory in use after: 67.0 MB.

Unloading 18 unused Assets to reduce memory usage. Loaded Objects now: 1844.
Total: 1.786700 ms (FindLiveObjects: 0.142700 ms CreateObjectMapping: 0.045300 ms MarkObjects: 1.525200 ms  DeleteObjects: 0.072400 ms)

========================================================================
Received Import Request.
  path: Assets/Scenes
  artifactKey: Guid(a8fb21f90e6ef834d9abcc198b1ed307) Importer(815301076,1909f56bfc062723c751e8b465ee728b)
Start importing Assets/Scenes using Guid(a8fb21f90e6ef834d9abcc198b1ed307) Importer(815301076,1909f56bfc062723c751e8b465ee728b)  -> (artifact id: 'ef938c8722915522f7165086b82779f7') in 0.007761 seconds
  Import took 0.010158 seconds .

========================================================================
Received Import Request.
  Time since last request: 0.000170 seconds.
  path: Assets/Scenes/Space.unity
  artifactKey: Guid(f08f0f8aabb069440a519c59be53ad0a) Importer(815301076,1909f56bfc062723c751e8b465ee728b)
Start importing Assets/Scenes/Space.unity using Guid(f08f0f8aabb069440a519c59be53ad0a) Importer(815301076,1909f56bfc062723c751e8b465ee728b)  -> (artifact id: '6c56a9d6832c21256e5dadda33d6ca6a') in 0.011815 seconds
  Import took 0.014159 seconds .

========================================================================
Received Import Request.
  Time since last request: 1.231037 seconds.
  path: Assets/Scenes/Space.unity
  artifactKey: Guid(f08f0f8aabb069440a519c59be53ad0a) Importer(815301076,1909f56bfc062723c751e8b465ee728b)
Start importing Assets/Scenes/Space.unity using Guid(f08f0f8aabb069440a519c59be53ad0a) Importer(815301076,1909f56bfc062723c751e8b465ee728b)  -> (artifact id: '6c56a9d6832c21256e5dadda33d6ca6a') in 0.002050 seconds
  Import took 0.004236 seconds .

